2021-02-22 16:52:53,575  root  INFO  Start logging
2021-02-22 16:52:53,663  root  INFO  


Calls Offered : 16,915
Abandon after 30s : 2.32%
FCR : 86.50%
DSAT : 14.20%
CSAT : 78.30%

2021-02-22 16:52:53,713  root  INFO  



------------------
Net Promoter Score
------------------
Base Size : 425
Promoters : good		64.30%
Passives : bad		20.10%
Detractors : good		20.10%

-------------
Overall NPS %
-------------
AARP Total : 39.70%

----------------
Sat with Agent %
----------------
AARP Total : 78.30%

-----------------
DSat with Agent %
-----------------
AARP Total : 14.20%
2021-02-22 16:52:53,713  root  INFO  Quit logging
